<?xml version="1.0" encoding="utf-8"?><testsuites name="pytest tests"><testsuite name="pytest" errors="0" failures="0" skipped="0" tests="21" time="5.379" timestamp="2026-09-24T01:06:06.923381+00:00" hostname="agent-env-9164c6c5-a755-4c0d-83fe-2761942035e7"><testcase classname="tests.test_minhlam_regression.TestContactInquiry" name="test_create_inquiry_returns_new_status" time="0.324" /><testcase classname="tests.test_minhlam_regression.TestContactInquiry" name="test_create_inquiry_min_fields" time="0.177" /><testcase classname="tests.test_minhlam_regression.TestContactInquiry" name="test_create_inquiry_validation" time="0.164" /><testcase classname="tests.test_minhlam_regression.TestContactInquiry" name="test_public_cannot_list_inquiries" time="0.219" /><testcase classname="tests.test_minhlam_regression.TestContactInquiry" name="test_public_cannot_update_inquiry" time="0.217" /><testcase classname="tests.test_minhlam_regression.TestAuth" name="test_login_wrong_password" time="0.474" /><testcase classname="tests.test_minhlam_regression.TestAuth" name="test_login_success_and_me" time="0.521" /><testcase classname="tests.test_minhlam_regression.TestAuth" name="test_logout_invalidates_session" time="0.542" /><testcase classname="tests.test_minhlam_regression.TestAuth" name="test_google_session_invalid" time="0.311" /><testcase classname="tests.test_minhlam_regression.TestAdminInquiries" name="test_list_default" time="0.511" /><testcase classname="tests.test_minhlam_regression.TestAdminInquiries" name="test_search_by_name" time="0.108" /><testcase classname="tests.test_minhlam_regression.TestAdminInquiries" name="test_filter_new_status" time="0.076" /><testcase classname="tests.test_minhlam_regression.TestAdminInquiries" name="test_invalid_status_422" time="0.080" /><testcase classname="tests.test_minhlam_regression.TestAdminInquiries" name="test_invalid_page_422" time="0.093" /><testcase classname="tests.test_minhlam_regression.TestAdminInquiries" name="test_update_status_persists" time="0.175" /><testcase classname="tests.test_minhlam_regression.TestAdminInquiries" name="test_update_status_invalid" time="0.069" /><testcase classname="tests.test_minhlam_regression.TestAdminInquiries" name="test_update_missing_404" time="0.080" /><testcase classname="tests.test_minhlam_regression.TestAdminProductAndUpload" name="test_upload_and_create_product" time="0.630" /><testcase classname="tests.test_minhlam_regression.TestAdminProductAndUpload" name="test_delete_created_product" time="0.176" /><testcase classname="tests.test_minhlam_regression.TestAdminProductAndUpload" name="test_admin_endpoints_require_auth" time="0.232" /><testcase classname="tests.test_minhlam_regression" name="test_cleanup_test_inquiries" time="0.157" /></testsuite></testsuites>