<?xml version="1.0" encoding="utf-8"?><testsuites name="pytest tests"><testsuite name="pytest" errors="0" failures="0" skipped="0" tests="31" time="6.456" timestamp="2026-09-24T01:14:50.656797+00:00" hostname="agent-env-9164c6c5-a755-4c0d-83fe-2761942035e7"><testcase classname="tests.test_minhlam_regression.TestContactInquiry" name="test_create_inquiry_returns_new_status" time="0.288" /><testcase classname="tests.test_minhlam_regression.TestContactInquiry" name="test_create_inquiry_min_fields" time="0.259" /><testcase classname="tests.test_minhlam_regression.TestContactInquiry" name="test_create_inquiry_validation" time="0.166" /><testcase classname="tests.test_minhlam_regression.TestContactInquiry" name="test_public_cannot_list_inquiries" time="0.124" /><testcase classname="tests.test_minhlam_regression.TestContactInquiry" name="test_public_cannot_update_inquiry" time="0.125" /><testcase classname="tests.test_minhlam_regression.TestAdminInquiries" name="test_list_default_shape" time="0.961" /><testcase classname="tests.test_minhlam_regression.TestAuth" name="test_login_wrong_password" time="0.387" /><testcase classname="tests.test_minhlam_regression.TestAuth" name="test_login_success_me_logout" time="0.589" /><testcase classname="tests.test_minhlam_regression.TestAdminInquiries" name="test_search_by_name" time="0.750" /><testcase classname="tests.test_minhlam_regression.TestAuth" name="test_google_session_invalid" time="0.253" /><testcase classname="tests.test_minhlam_regression.TestAdminInquiries" name="test_search_by_phone" time="0.471" /><testcase classname="tests.test_minhlam_regression.TestAuth" name="test_google_allowlist_contains_owner" time="0.000" /><testcase classname="tests.test_minhlam_regression.TestAuth" name="test_google_session_denies_non_allowlisted_via_mock" time="0.237" /><testcase classname="tests.test_minhlam_regression.TestAdminInquiries" name="test_search_by_email" time="0.329" /><testcase classname="tests.test_minhlam_regression.TestCORS" name="test_preflight_allowed_origin" time="0.022" /><testcase classname="tests.test_minhlam_regression.TestCORS" name="test_preflight_unexpected_origin_rejected" time="0.022" /><testcase classname="tests.test_minhlam_regression.TestCORS" name="test_simple_request_from_allowed_origin_sets_cors" time="0.022" /><testcase classname="tests.test_minhlam_regression.TestCORS" name="test_wildcard_not_in_effect" time="0.022" /><testcase classname="tests.test_minhlam_regression.TestLegacyInquiryShapes" name="test_legacy_objectid_serializes_to_string_id" time="0.525" /><testcase classname="tests.test_minhlam_regression.TestAdminInquiries" name="test_search_by_message" time="0.603" /><testcase classname="tests.test_minhlam_regression.TestLegacyInquiryShapes" name="test_legacy_uuid_id_preserved" time="0.121" /><testcase classname="tests.test_minhlam_regression.TestLegacyInquiryShapes" name="test_status_new_filter_includes_legacy_without_status" time="0.076" /><testcase classname="tests.test_minhlam_regression.TestAdminInquiries" name="test_search_escapes_regex_metachars" time="0.523" /><testcase classname="tests.test_minhlam_regression.TestAdminProductAndUpload" name="test_upload_and_create_product" time="1.086" /><testcase classname="tests.test_minhlam_regression.TestAdminInquiries" name="test_status_and_search_combined" time="0.411" /><testcase classname="tests.test_minhlam_regression.TestAdminInquiries" name="test_filter_new_and_invalid_statuses" time="0.518" /><testcase classname="tests.test_minhlam_regression.TestAdminProductAndUpload" name="test_delete_created_product" time="0.161" /><testcase classname="tests.test_minhlam_regression.TestAdminProductAndUpload" name="test_admin_endpoints_require_auth" time="0.212" /><testcase classname="tests.test_minhlam_regression.TestAdminInquiries" name="test_page_size_query_param_respected" time="0.316" /><testcase classname="tests.test_minhlam_regression.TestAdminInquiries" name="test_update_status_persists" time="0.448" /><testcase classname="tests.test_minhlam_regression.TestAdminInquiries" name="test_update_invalid_and_missing" time="0.468" /></testsuite></testsuites>